#
# A fatal error has been detected by the Java Runtime Environment:
#
#  EXCEPTION_ACCESS_VIOLATION (0xc0000005) at pc=0x6d9bd35b, pid=13812, tid=15500
#
# JRE version: Java(TM) SE Runtime Environment (7.0_51-b13) (build 1.7.0_51-b13)
# Java VM: Java HotSpot(TM) Client VM (24.51-b03 mixed mode windows-x86 )
# Problematic frame:
# V  [jvm.dll+0xdd35b]
#
# Failed to write core dump. Minidumps are not enabled by default on client versions of Windows
#
# If you would like to submit a bug report, please visit:
#   http://bugreport.sun.com/bugreport/crash.jsp
#

---------------  T H R E A D  ---------------

Current thread (0x01f2e000):  JavaThread "JDWP Transport Listener: dt_socket" daemon [_thread_in_vm, id=15500, stack(0x01fd0000,0x02020000)]

siginfo: ExceptionCode=0xc0000005, reading address 0x00003b72

Registers:
EAX=0x00003b72, EBX=0x00000000, ECX=0x00003b72, EDX=0x00000000
ESP=0x0201f414, EBP=0x0201f418, ESI=0x01f575a8, EDI=0x0201f4f8
EIP=0x6d9bd35b, EFLAGS=0x00010206

Top of Stack: (sp=0x0201f414)
0x0201f414:   01f575a8 0201f440 6daee1da 00003b72
0x0201f424:   0201f47b 01f2e000 00000000 00000000
0x0201f434:   00000000 01f2e000 01f2e000 0201f47c
0x0201f444:   77ca9d9d 01f575a8 00003b72 0201f47b
0x0201f454:   00003b72 77c9436d 00003b72 0201f47b
0x0201f464:   00000005 00000000 00000000 0000000a
0x0201f474:   00000000 00f28c60 0201f49c 77c944e0
0x0201f484:   00000001 0201f4b8 0201f4f4 182ea1f0 

Instructions: (pc=0x6d9bd35b)
0x6d9bd33b:   89 4f 04 8b 56 0c 89 57 08 8b 46 10 89 47 0c 5f
0x6d9bd34b:   5e 5d c2 0c 00 55 8b ec 8b 45 08 56 85 c0 74 28
0x6d9bd35b:   8b 30 85 f6 74 22 81 fe fe fe fe fe 74 1a 8b 4e
0x6d9bd36b:   04 8b 41 08 8b 90 90 00 00 00 83 c1 08 ff d2 84 


Register to memory mapping:

EAX=0x00003b72 is an unknown value
EBX=0x00000000 is an unknown value
ECX=0x00003b72 is an unknown value
EDX=0x00000000 is an unknown value
ESP=0x0201f414 is pointing into the stack for thread: 0x01f2e000
EBP=0x0201f418 is pointing into the stack for thread: 0x01f2e000
ESI=0x01f575a8 is an unknown value
EDI=0x0201f4f8 is pointing into the stack for thread: 0x01f2e000


Stack: [0x01fd0000,0x02020000],  sp=0x0201f414,  free space=317k
Native frames: (J=compiled Java code, j=interpreted, Vv=VM code, C=native code)
V  [jvm.dll+0xdd35b]
V  [jvm.dll+0x20e1da]
C  [jdwp.dll+0x19d9d]
C  [jdwp.dll+0x44e0]
C  [jdwp.dll+0x451e]


---------------  P R O C E S S  ---------------

Java Threads: ( => current thread )
  0x182ba400 JavaThread "Service Thread" daemon [_thread_blocked, id=5276, stack(0x19040000,0x19090000)]
  0x182b3000 JavaThread "C1 CompilerThread0" daemon [_thread_blocked, id=16876, stack(0x18070000,0x180c0000)]
  0x182a4800 JavaThread "JDWP Command Reader" daemon [_thread_in_native, id=18380, stack(0x18760000,0x187b0000)]
  0x182a1800 JavaThread "JDWP Event Helper Thread" daemon [_thread_blocked, id=14868, stack(0x18ea0000,0x18ef0000)]
=>0x01f2e000 JavaThread "JDWP Transport Listener: dt_socket" daemon [_thread_in_vm, id=15500, stack(0x01fd0000,0x02020000)]
  0x01f26800 JavaThread "Attach Listener" daemon [_thread_blocked, id=10868, stack(0x187b0000,0x18800000)]
  0x01f23800 JavaThread "Signal Dispatcher" daemon [_thread_blocked, id=17924, stack(0x18640000,0x18690000)]
  0x01f16400 JavaThread "Finalizer" daemon [_thread_blocked, id=17088, stack(0x184a0000,0x184f0000)]
  0x01f11400 JavaThread "Reference Handler" daemon [_thread_blocked, id=13712, stack(0x184f0000,0x18540000)]
  0x01f5cc00 JavaThread "main" [_thread_blocked, id=18176, stack(0x02020000,0x02070000)]

Other Threads:
  0x01f0f800 VMThread [stack: 0x181d0000,0x18220000] [id=18068]
  0x182cd000 WatcherThread [stack: 0x190f0000,0x19140000] [id=14480]

VM state:not at safepoint (normal execution)

VM Mutex/Monitor currently owned by a thread: None

Heap
 def new generation   total 4928K, used 554K [0x04070000, 0x045c0000, 0x095c0000)
  eden space 4416K,  12% used [0x04070000, 0x040fa970, 0x044c0000)
  from space 512K,   0% used [0x044c0000, 0x044c0000, 0x04540000)
  to   space 512K,   0% used [0x04540000, 0x04540000, 0x045c0000)
 tenured generation   total 10944K, used 0K [0x095c0000, 0x0a070000, 0x14070000)
   the space 10944K,   0% used [0x095c0000, 0x095c0000, 0x095c0200, 0x0a070000)
 compacting perm gen  total 12288K, used 1680K [0x14070000, 0x14c70000, 0x18070000)
   the space 12288K,  13% used [0x14070000, 0x14214220, 0x14214400, 0x14c70000)
No shared spaces configured.

Card table byte_map: [0x00400000,0x004b0000] byte_map_base: 0x003dfc80

Polling page: 0x001c0000

Code Cache  [0x02070000, 0x02108000, 0x04070000)
 total_blobs=133 nmethods=11 adapters=68 free_code_cache=32173Kb largest_free_block=32945408

Compilation events (10 events):
Event: 0.109 Thread 0x182b3000    6             java.lang.Object::<init> (1 bytes)
Event: 0.109 Thread 0x182b3000 nmethod 6 0x02100f08 code [0x02101000, 0x02101090]
Event: 0.109 Thread 0x182b3000    7             java.lang.String::lastIndexOf (52 bytes)
Event: 0.109 Thread 0x182b3000 nmethod 7 0x02101108 code [0x02101210, 0x0210132c]
Event: 0.116 Thread 0x182b3000    8             java.lang.String::indexOf (166 bytes)
Event: 0.117 Thread 0x182b3000 nmethod 8 0x02101408 code [0x02101520, 0x02101750]
Event: 13.504 Thread 0x182b3000   10             sun.nio.cs.SingleByte$Encoder::encodeArrayLoop (236 bytes)
Event: 13.505 Thread 0x182b3000 nmethod 10 0x02101d48 code [0x021020d0, 0x02102d1c]
Event: 13.505 Thread 0x182b3000   11             sun.nio.cs.SingleByte$Encoder::encode (32 bytes)
Event: 13.505 Thread 0x182b3000 nmethod 11 0x02104808 code [0x02104910, 0x02104a00]

GC Heap History (0 events):
No events

Deoptimization events (0 events):
No events

Internal exceptions (5 events):
Event: 0.022 Thread 0x01f5cc00 Threw 0x0407b430 at C:\re\jdk7u51\527\hotspot\src\share\vm\prims\jni.cpp:3991
Event: 0.109 Thread 0x01f5cc00 Threw 0x040d95b8 at C:\re\jdk7u51\527\hotspot\src\share\vm\prims\jvm.cpp:1244
Event: 0.116 Thread 0x01f5cc00 Threw 0x040df560 at C:\re\jdk7u51\527\hotspot\src\share\vm\prims\jvm.cpp:1244
Event: 0.117 Thread 0x01f5cc00 Threw 0x040e09a8 at C:\re\jdk7u51\527\hotspot\src\share\vm\prims\jvm.cpp:1244
Event: 0.118 Thread 0x01f5cc00 Threw 0x040e2708 at C:\re\jdk7u51\527\hotspot\src\share\vm\prims\jvm.cpp:1244

Events (10 events):
Event: 679.954 Executing VM operation: ChangeBreakpoints
Event: 679.954 Executing VM operation: ChangeBreakpoints done
Event: 705.980 Executing VM operation: RedefineClasses
Event: 705.980 Executing VM operation: RedefineClasses done
Event: 705.984 Executing VM operation: ChangeBreakpoints
Event: 705.984 Executing VM operation: ChangeBreakpoints done
Event: 705.986 Executing VM operation: ChangeBreakpoints
Event: 705.986 Executing VM operation: ChangeBreakpoints done
Event: 780.154 Executing VM operation: RedefineClasses
Event: 780.154 Executing VM operation: RedefineClasses done


Dynamic libraries:
0x000a0000 - 0x000cf000 	C:\Program Files (x86)\Java\jre7\bin\javaw.exe
0x77b10000 - 0x77c90000 	C:\Windows\SysWOW64\ntdll.dll
0x760c0000 - 0x761d0000 	C:\Windows\syswow64\kernel32.dll
0x762c0000 - 0x76307000 	C:\Windows\syswow64\KERNELBASE.dll
0x77630000 - 0x776d0000 	C:\Windows\syswow64\ADVAPI32.dll
0x75cb0000 - 0x75d5c000 	C:\Windows\syswow64\msvcrt.dll
0x76070000 - 0x76089000 	C:\Windows\SysWOW64\sechost.dll
0x75840000 - 0x75930000 	C:\Windows\syswow64\RPCRT4.dll
0x75530000 - 0x75590000 	C:\Windows\syswow64\SspiCli.dll
0x75520000 - 0x7552c000 	C:\Windows\syswow64\CRYPTBASE.dll
0x77090000 - 0x77190000 	C:\Windows\syswow64\USER32.dll
0x775a0000 - 0x77630000 	C:\Windows\syswow64\GDI32.dll
0x76090000 - 0x7609a000 	C:\Windows\syswow64\LPK.dll
0x75d90000 - 0x75e2d000 	C:\Windows\syswow64\USP10.dll
0x6ea20000 - 0x6ebbe000 	C:\Windows\WinSxS\x86_microsoft.windows.common-controls_6595b64144ccf1df_6.0.7601.17514_none_41e6975e2bd6f2b2\COMCTL32.dll
0x77390000 - 0x773e7000 	C:\Windows\syswow64\SHLWAPI.dll
0x719c0000 - 0x71a0c000 	C:\Windows\system32\apphelp.dll
0x6f2a0000 - 0x6f32d000 	C:\Windows\AppPatch\AcLayers.DLL
0x76310000 - 0x76f5a000 	C:\Windows\syswow64\SHELL32.dll
0x773f0000 - 0x7754c000 	C:\Windows\syswow64\ole32.dll
0x75600000 - 0x7568f000 	C:\Windows\syswow64\OLEAUT32.dll
0x74ce0000 - 0x74cf7000 	C:\Windows\system32\USERENV.dll
0x74cd0000 - 0x74cdb000 	C:\Windows\system32\profapi.dll
0x753f0000 - 0x75441000 	C:\Windows\system32\WINSPOOL.DRV
0x706e0000 - 0x706f2000 	C:\Windows\system32\MPR.dll
0x76250000 - 0x762b0000 	C:\Windows\system32\IMM32.DLL
0x75940000 - 0x75a0c000 	C:\Windows\syswow64\MSCTF.dll
0x77d50000 - 0x77e0f000 	C:\Program Files (x86)\Java\jre7\bin\msvcr100.dll
0x6d8e0000 - 0x6dc60000 	C:\Program Files (x86)\Java\jre7\bin\client\jvm.dll
0x74cc0000 - 0x74cc7000 	C:\Windows\system32\WSOCK32.dll
0x776d0000 - 0x77705000 	C:\Windows\syswow64\WS2_32.dll
0x75690000 - 0x75696000 	C:\Windows\syswow64\NSI.dll
0x73a70000 - 0x73aa2000 	C:\Windows\system32\WINMM.dll
0x75a10000 - 0x75a15000 	C:\Windows\syswow64\PSAPI.DLL
0x58360000 - 0x5836c000 	C:\Program Files (x86)\Java\jre7\bin\verify.dll
0x50020000 - 0x50040000 	C:\Program Files (x86)\Java\jre7\bin\java.dll
0x77c90000 - 0x77cba000 	C:\Program Files (x86)\Java\jre7\bin\jdwp.dll
0x001e0000 - 0x001e7000 	C:\Program Files (x86)\Java\jre7\bin\npt.dll
0x50000000 - 0x50013000 	C:\Program Files (x86)\Java\jre7\bin\zip.dll
0x77e40000 - 0x77e48000 	C:\Program Files (x86)\Java\jre7\bin\dt_socket.dll
0x74b10000 - 0x74b20000 	C:\Windows\system32\NLAapi.dll
0x70ba0000 - 0x70bb0000 	C:\Windows\system32\napinsp.dll
0x70b80000 - 0x70b92000 	C:\Windows\system32\pnrpnsp.dll
0x73780000 - 0x737bc000 	C:\Windows\System32\mswsock.dll
0x704a0000 - 0x704e4000 	C:\Windows\system32\DNSAPI.dll
0x70b70000 - 0x70b78000 	C:\Windows\System32\winrnr.dll
0x70b60000 - 0x70b6d000 	C:\Windows\system32\wshbth.dll
0x70470000 - 0x70494000 	C:\Program Files (x86)\Common Files\Microsoft Shared\Windows Live\WLIDNSP.DLL
0x70440000 - 0x70461000 	C:\Program Files (x86)\Bonjour\mdnsNSP.dll
0x73040000 - 0x7305c000 	C:\Windows\system32\Iphlpapi.DLL
0x73030000 - 0x73037000 	C:\Windows\system32\WINNSI.DLL
0x70400000 - 0x70438000 	C:\Windows\System32\fwpuclnt.dll
0x706d0000 - 0x706d6000 	C:\Windows\system32\rasadhlp.dll
0x73770000 - 0x73775000 	C:\Windows\System32\wshtcpip.dll
0x700d0000 - 0x701bb000 	C:\Windows\system32\dbghelp.dll

VM Arguments:
jvm_args: -agentlib:jdwp=transport=dt_socket,suspend=y,address=localhost:54721 -Dfile.encoding=Cp1252 
java_command: War
Launcher Type: SUN_STANDARD

Environment Variables:
CLASSPATH=.;C:\Program Files (x86)\Java\jre7\lib\ext\QTJava.zip
PATH=C:/Program Files (x86)/Java/jre7/bin/client;C:/Program Files (x86)/Java/jre7/bin;C:/Program Files (x86)/Java/jre7/lib/i386;C:\Program Files (x86)\NVIDIA Corporation\PhysX\Common;C:\PROGRAM FILES\BROADCOM\BROADCOM 802.11 NETWORK ADAPTER\DRIVER;OMMONPROGRAMFILES\MICROSOFT SHARED\WINDOWS LIVE;C:\PROGRAM FILES (X86)\INTEL\ICLS CLIENT\;C:\PROGRAM FILES\INTEL\ICLS CLIENT\;C:\Windows\SYSTEM32;C:\Windows;C:\Windows\SYSTEM32\WBEM;C:\Windows\SYSTEM32\WINDOWSPOWERSHELL\V1.0\;C:\PROGRAM FILES (X86)\INTEL\OPENCL SDK\3.0\BIN\X86;C:\PROGRAM FILES (X86)\INTEL\OPENCL SDK\3.0\BIN\X64;C:\PROGRAM FILES\CALIBRE2\;C:\PROGRAM FILES\MICROSOFT\WEB PLATFORM INSTALLER\;C:\PROGRAM FILES (X86)\MICROSOFT ASP.NET\ASP.NET WEB PAGES\V1.0\;C:\PROGRAM FILES (X86)\WINDOWS KITS\8.0\WINDOWS PERFORMANCE TOOLKIT\;C:\PROGRAM FILES\MICROSOFT SQL SERVER\110\TOOLS\BINN\;C:\PROGRAM FILES\INTEL\INTEL(R) MANAGEMENT ENGINE COMPONENTS\DAL;C:\PROGRAM FILES\INTEL\INTEL(R) MANAGEMENT ENGINE COMPONENTS\IPT;C:\PROGRAM FILES (X86)\INTEL\INTEL(R) MANAGEMENT ENGINE COMPONENTS\DAL;C:\PROGRAM FILES (X86)\INTEL\INTEL(R) MANAGEMENT ENGINE COMPONENTS\IPT;C:\Program Files\WIDCOMM\Bluetooth Software\;C:\Program Files\WIDCOMM\Bluetooth Software\syswow64;C:\Development\adt-bundle-windows-x86-20130522\sdk\platform-tools;C:\Program Files (x86)\QuickTime\QTSystem\;C:\Development\adt-bundle-windows-x86-20131030\sdk\platform-tools;C:\Program Files (x86)\MySQL\MySQL Utilities 1.3.5\;C:\Program Files\TortoiseSVN\bin;C:\Program Files\Common Files\Microsoft Shared\Windows Live;C:\Development\adt-bundle-windows-x86-20131030\eclipse;
USERNAME=Hierro
OS=Windows_NT
PROCESSOR_IDENTIFIER=Intel64 Family 6 Model 60 Stepping 3, GenuineIntel



---------------  S Y S T E M  ---------------

OS: Windows 7 , 64 bit Build 7601 Service Pack 1

CPU:total 8 (4 cores per cpu, 2 threads per core) family 6 model 60 stepping 3, cmov, cx8, fxsr, mmx, sse, sse2, sse3, ssse3, sse4.1, sse4.2, popcnt, avx, avx2, aes, erms, ht, tsc, tscinvbit

Memory: 4k page, physical 16706048k(11387764k free), swap 16908984k(10508664k free)

vm_info: Java HotSpot(TM) Client VM (24.51-b03) for windows-x86 JRE (1.7.0_51-b13), built on Dec 18 2013 19:09:58 by "java_re" with unknown MS VC++:1600

time: Fri Mar 14 22:46:31 2014
elapsed time: 780 seconds

